<?xml version="1.0" encoding="UTF-8"?>
<testng-results skipped="0" failed="0" ignored="0" total="2" passed="2">
  <reporter-output>
  </reporter-output>
  <suite name="Suite" duration-ms="3802" started-at="2020-01-08T06:37:12Z" finished-at="2020-01-08T06:37:16Z">
    <groups>
    </groups>
    <test name="Test" duration-ms="3802" started-at="2020-01-08T06:37:12Z" finished-at="2020-01-08T06:37:16Z">
      <class name="com.OrangeHRM.Testcases.Loginpage_test">
        <test-method status="PASS" signature="Setup()[pri:0, instance:com.OrangeHRM.Testcases.Loginpage_test@282003e1]" name="Setup" is-config="true" duration-ms="14582" started-at="2020-01-08T06:36:58Z" finished-at="2020-01-08T06:37:12Z">
          <reporter-output>
          </reporter-output>
        </test-method> <!-- Setup -->
        <test-method status="PASS" signature="Verifylogintest()[pri:0, instance:com.OrangeHRM.Testcases.Loginpage_test@282003e1]" name="Verifylogintest" duration-ms="3534" started-at="2020-01-08T06:37:12Z" finished-at="2020-01-08T06:37:16Z">
          <reporter-output>
          </reporter-output>
        </test-method> <!-- Verifylogintest -->
        <test-method status="PASS" signature="Verifytitletest()[pri:0, instance:com.OrangeHRM.Testcases.Loginpage_test@282003e1]" name="Verifytitletest" duration-ms="203" started-at="2020-01-08T06:37:16Z" finished-at="2020-01-08T06:37:16Z">
          <reporter-output>
          </reporter-output>
        </test-method> <!-- Verifytitletest -->
        <test-method status="PASS" signature="Teardown()[pri:0, instance:com.OrangeHRM.Testcases.Loginpage_test@282003e1]" name="Teardown" is-config="true" duration-ms="902" started-at="2020-01-08T06:37:17Z" finished-at="2020-01-08T06:37:17Z">
          <reporter-output>
          </reporter-output>
        </test-method> <!-- Teardown -->
      </class> <!-- com.OrangeHRM.Testcases.Loginpage_test -->
    </test> <!-- Test -->
  </suite> <!-- Suite -->
</testng-results>
