<?xml version="1.0" encoding="UTF-8"?>
<testng-results skipped="0" failed="0" ignored="0" total="2" passed="2">
  <reporter-output>
  </reporter-output>
  <suite name="Suite" duration-ms="3973" started-at="2020-01-08T06:34:41Z" finished-at="2020-01-08T06:34:45Z">
    <groups>
    </groups>
    <test name="Test" duration-ms="3973" started-at="2020-01-08T06:34:41Z" finished-at="2020-01-08T06:34:45Z">
      <class name="com.OrangeHRM.Testcases.Loginpage_test">
        <test-method status="PASS" signature="Setup()[pri:0, instance:com.OrangeHRM.Testcases.Loginpage_test@75f9eccc]" name="Setup" is-config="true" duration-ms="14363" started-at="2020-01-08T06:34:27Z" finished-at="2020-01-08T06:34:41Z">
          <reporter-output>
          </reporter-output>
        </test-method> <!-- Setup -->
        <test-method status="PASS" signature="Verifylogintest()[pri:0, instance:com.OrangeHRM.Testcases.Loginpage_test@75f9eccc]" name="Verifylogintest" duration-ms="3649" started-at="2020-01-08T06:34:41Z" finished-at="2020-01-08T06:34:45Z">
          <reporter-output>
          </reporter-output>
        </test-method> <!-- Verifylogintest -->
        <test-method status="PASS" signature="Verifytitletest()[pri:0, instance:com.OrangeHRM.Testcases.Loginpage_test@75f9eccc]" name="Verifytitletest" duration-ms="140" started-at="2020-01-08T06:34:45Z" finished-at="2020-01-08T06:34:45Z">
          <reporter-output>
          </reporter-output>
        </test-method> <!-- Verifytitletest -->
        <test-method status="PASS" signature="Teardown()[pri:0, instance:com.OrangeHRM.Testcases.Loginpage_test@75f9eccc]" name="Teardown" is-config="true" duration-ms="1374" started-at="2020-01-08T06:34:45Z" finished-at="2020-01-08T06:34:47Z">
          <reporter-output>
          </reporter-output>
        </test-method> <!-- Teardown -->
      </class> <!-- com.OrangeHRM.Testcases.Loginpage_test -->
    </test> <!-- Test -->
  </suite> <!-- Suite -->
</testng-results>
